Traceback (most recent call last):
  File "E:\laragon\bin\python\python-3.10\lib\site-packages\jupyter_cache\executors\utils.py", line 58, in single_nb_execution
    executenb(
  File "E:\laragon\bin\python\python-3.10\lib\site-packages\nbclient\client.py", line 1314, in execute
    return NotebookClient(nb=nb, resources=resources, km=km, **kwargs).execute()
  File "C:\Users\aliha\AppData\Roaming\Python\Python310\site-packages\jupyter_core\utils\__init__.py", line 165, in wrapped
    return loop.run_until_complete(inner)
  File "E:\laragon\bin\python\python-3.10\lib\asyncio\base_events.py", line 646, in run_until_complete
    return future.result()
  File "E:\laragon\bin\python\python-3.10\lib\site-packages\nbclient\client.py", line 709, in async_execute
    await self.async_execute_cell(
  File "E:\laragon\bin\python\python-3.10\lib\site-packages\nbclient\client.py", line 1062, in async_execute_cell
    await self._check_raise_for_error(cell, cell_index, exec_reply)
  File "E:\laragon\bin\python\python-3.10\lib\site-packages\nbclient\client.py", line 918, in _check_raise_for_error
    raise CellExecutionError.from_cell_and_msg(cell, exec_reply_content)
nbclient.exceptions.CellExecutionError: An error occurred while executing the following cell:
------------------
muatan_bulan_ini = float(input("Muatan barang pesawat bulan ini: "))
muatan_bulan_sebelumnya = float(input("Muatan barang pesawat 1 bulan sebelumnya: "))
muatan_2_bulan_sebelumnya = float(input("Muatan barang pesawat 2 bulan sebelumnya: "))

rata_rata_perubahan = (
    (muatan_bulan_ini - muatan_bulan_sebelumnya) +
    (muatan_bulan_sebelumnya - muatan_2_bulan_sebelumnya)
) / 2

prediksi_muatan_bulan_depan = muatan_bulan_ini + rata_rata_perubahan

percentage_change = ((prediksi_muatan_bulan_depan - muatan_bulan_ini) / muatan_bulan_ini) * 100
change_sign = '+' if percentage_change > 0 else ''

formatted_predicted_value = f"{prediksi_muatan_bulan_depan:,.2f}".replace(',', 'X').replace('.', ',').replace('X', '.')
formatted_last_muatan = f"{muatan_bulan_ini:,.2f}".replace(',', 'X').replace('.', ',').replace('X', '.')

print(f'Muatan barang pesawat bulan ini: {formatted_last_muatan} kg')
print(f'Prediksi muatan barang pesawat untuk bulan depan: {formatted_predicted_value} kg ({change_sign}{percentage_change:.2f}%)')

------------------


[1;31m---------------------------------------------------------------------------[0m
[1;31mStdinNotImplementedError[0m                  Traceback (most recent call last)
Cell [1;32mIn[20], line 1[0m
[1;32m----> 1[0m muatan_bulan_ini [38;5;241m=[39m [38;5;28mfloat[39m([38;5;28;43minput[39;49m[43m([49m[38;5;124;43m"[39;49m[38;5;124;43mMuatan barang pesawat bulan ini: [39;49m[38;5;124;43m"[39;49m[43m)[49m)
[0;32m      2[0m muatan_bulan_sebelumnya [38;5;241m=[39m [38;5;28mfloat[39m([38;5;28minput[39m([38;5;124m"[39m[38;5;124mMuatan barang pesawat 1 bulan sebelumnya: [39m[38;5;124m"[39m))
[0;32m      3[0m muatan_2_bulan_sebelumnya [38;5;241m=[39m [38;5;28mfloat[39m([38;5;28minput[39m([38;5;124m"[39m[38;5;124mMuatan barang pesawat 2 bulan sebelumnya: [39m[38;5;124m"[39m))

File [1;32m~\AppData\Roaming\Python\Python310\site-packages\ipykernel\kernelbase.py:1281[0m, in [0;36mKernel.raw_input[1;34m(self, prompt)[0m
[0;32m   1279[0m [38;5;28;01mif[39;00m [38;5;129;01mnot[39;00m [38;5;28mself[39m[38;5;241m.[39m_allow_stdin:
[0;32m   1280[0m     msg [38;5;241m=[39m [38;5;124m"[39m[38;5;124mraw_input was called, but this frontend does not support input requests.[39m[38;5;124m"[39m
[1;32m-> 1281[0m     [38;5;28;01mraise[39;00m StdinNotImplementedError(msg)
[0;32m   1282[0m [38;5;28;01mreturn[39;00m [38;5;28mself[39m[38;5;241m.[39m_input_request(
[0;32m   1283[0m     [38;5;28mstr[39m(prompt),
[0;32m   1284[0m     [38;5;28mself[39m[38;5;241m.[39m_parent_ident[[38;5;124m"[39m[38;5;124mshell[39m[38;5;124m"[39m],
[0;32m   1285[0m     [38;5;28mself[39m[38;5;241m.[39mget_parent([38;5;124m"[39m[38;5;124mshell[39m[38;5;124m"[39m),
[0;32m   1286[0m     password[38;5;241m=[39m[38;5;28;01mFalse[39;00m,
[0;32m   1287[0m )

[1;31mStdinNotImplementedError[0m: raw_input was called, but this frontend does not support input requests.

